2023-05-17 14:14:35,115 - __main__ - INFO - Weather in Cracow: 9.9 celsius, status: overcast clouds 
2023-05-17 14:37:22,367 - __main__ - INFO - Weather in Cracow: 9.49 celsius, status: light rain 
2023-05-17 15:16:32,611 - __main__ - INFO - Weather in Cracow: 9.51 celsius, status: light rain 
2023-05-17 15:37:03,376 - __main__ - INFO - Weather in Cracow: 9.51 celsius, status: light rain 
2023-05-17 16:20:39,390 - __main__ - INFO - Weather in Cracow: 9.25 celsius, status: light rain 
2023-05-17 16:39:37,828 - __main__ - INFO - Weather in Cracow: 9.27 celsius, status: light rain 
2023-05-17 17:13:35,005 - __main__ - INFO - Weather in Cracow: 9.56 celsius, status: light rain 
2023-05-17 17:37:16,324 - __main__ - INFO - Weather in Cracow: 9.67 celsius, status: light rain 
2023-05-17 18:19:16,916 - __main__ - INFO - Weather in Cracow: 9.79 celsius, status: light rain 
2023-05-17 18:37:23,271 - __main__ - INFO - Weather in Cracow: 9.79 celsius, status: light rain 
2023-05-17 19:12:15,653 - __main__ - INFO - Weather in Cracow: 9.79 celsius, status: light rain 
2023-05-17 19:37:08,359 - __main__ - INFO - Weather in Cracow: 9.72 celsius, status: light rain 
2023-05-17 20:16:19,861 - __main__ - INFO - Weather in Cracow: 9.84 celsius, status: light rain 
2023-05-17 20:37:23,230 - __main__ - INFO - Weather in Cracow: 9.6 celsius, status: light rain 
2023-05-18 12:33:23,055 - __main__ - INFO - Weather in Cracow: 8.57 celsius, status: light rain 
2023-05-19 12:30:56,827 - __main__ - INFO - Weather in Cracow: 12.47 celsius, status: broken clouds 
2023-05-20 12:29:27,480 - __main__ - INFO - Weather in Cracow: 19.91 celsius, status: broken clouds 
2023-05-21 12:29:34,369 - __main__ - INFO - Weather in Cracow: 22.49 celsius, status: clear sky 
2023-05-22 12:32:17,338 - __main__ - INFO - Weather in Cracow: 21.2 celsius, status: clear sky 
2023-05-23 12:32:21,694 - __main__ - INFO - Weather in Cracow: 23.84 celsius, status: few clouds 
2023-05-24 12:32:08,905 - __main__ - INFO - Weather in Cracow: 14.99 celsius, status: broken clouds 
2023-05-25 12:34:00,906 - __main__ - INFO - Weather in Cracow: 15.63 celsius, status: overcast clouds 
2023-05-26 12:31:18,399 - __main__ - INFO - Weather in Cracow: 19.85 celsius, status: scattered clouds 
2023-05-27 12:29:55,055 - __main__ - INFO - Weather in Cracow: 18.67 celsius, status: clear sky 
2023-05-28 12:29:26,403 - __main__ - INFO - Weather in Cracow: 19.93 celsius, status: clear sky 
2023-05-29 12:32:17,892 - __main__ - INFO - Weather in Cracow: 22.58 celsius, status: few clouds 
2023-05-30 12:34:51,291 - __main__ - INFO - Weather in Cracow: 21.91 celsius, status: scattered clouds 
2023-05-31 12:34:20,845 - __main__ - INFO - Weather in Cracow: 22.08 celsius, status: few clouds 
2023-06-01 12:33:40,029 - __main__ - INFO - Weather in Cracow: 24.76 celsius, status: clear sky 
2023-06-02 12:34:16,500 - __main__ - INFO - Weather in Cracow: 19.03 celsius, status: broken clouds 
2023-06-03 12:30:36,315 - __main__ - INFO - Weather in Cracow: 16.91 celsius, status: clear sky 
2023-06-04 12:30:29,814 - __main__ - INFO - Weather in Cracow: 21.55 celsius, status: clear sky 
2023-06-05 12:36:43,228 - __main__ - INFO - Weather in Cracow: 24.01 celsius, status: clear sky 
2023-06-06 12:34:21,941 - __main__ - INFO - Weather in Cracow: 20.75 celsius, status: light rain 
2023-06-07 12:33:47,926 - __main__ - INFO - Weather in Cracow: 21.43 celsius, status: scattered clouds 
2023-06-08 12:31:37,578 - __main__ - INFO - Weather in Cracow: 21.33 celsius, status: broken clouds 
2023-06-09 12:32:29,994 - __main__ - INFO - Weather in Cracow: 24.22 celsius, status: light rain 
2023-06-10 12:29:12,410 - __main__ - INFO - Weather in Cracow: 21.16 celsius, status: scattered clouds 
2023-06-11 12:30:25,963 - __main__ - INFO - Weather in Cracow: 21.08 celsius, status: light rain 
2023-06-12 12:32:03,920 - __main__ - INFO - Weather in Cracow: 19.55 celsius, status: scattered clouds 
